<?xml version="1.0" encoding="UTF-8"?>
<!-- Generated by org.testng.reporters.JUnitXMLReporter -->
<testsuite ignored="2" hostname="LAPTOP-3BSBMPRO" failures="0" tests="2" name="Test" time="0.991" errors="0" timestamp="05 Dec 2021 04:22:34 GMT">
  <testcase classname="test.Verify_Employee_Subscription_Form_Heading" name="verify_Employee_Subscription_Form_Heading_Test" time="0.568"/>
  <testcase classname="test.Verify_First_Name_Entry" name="verify_First_Name_Entry_Test" time="0.405"/>
  <testcase classname="base.Base" name="@BeforeSuite setup" time="0.0">
    <ignored/>
  </testcase> <!-- @BeforeSuite setup -->
  <testcase classname="base.Base" name="@AfterSuite tearDown" time="0.0">
    <ignored/>
  </testcase> <!-- @AfterSuite tearDown -->
</testsuite> <!-- Test -->
