<?xml version="1.0" encoding="UTF-8"?>
<testng-results ignored="2" total="4" passed="2" failed="0" skipped="0">
  <reporter-output>
  </reporter-output>
  <suite started-at="2021-12-05T04:22:33Z" name="Suite" finished-at="2021-12-05T04:22:34Z" duration-ms="991">
    <groups>
    </groups>
    <test started-at="2021-12-05T04:22:33Z" name="Test" finished-at="2021-12-05T04:22:34Z" duration-ms="991">
      <class name="test.Verify_First_Name_Entry">
        <test-method signature="verify_First_Name_Entry_Test()[pri:0, instance:test.Verify_First_Name_Entry@5d99c6b5]" started-at="2021-12-05T04:22:33Z" name="verify_First_Name_Entry_Test" finished-at="2021-12-05T04:22:34Z" duration-ms="405" status="PASS">
          <reporter-output>
          </reporter-output>
        </test-method> <!-- verify_First_Name_Entry_Test -->
      </class> <!-- test.Verify_First_Name_Entry -->
      <class name="test.Verify_Employee_Subscription_Form_Heading">
        <test-method is-config="true" signature="setup()[pri:0, instance:test.Verify_Employee_Subscription_Form_Heading@a37aefe]" started-at="2021-12-05T04:22:31Z" name="setup" finished-at="2021-12-05T04:22:33Z" duration-ms="2235" status="PASS">
          <reporter-output>
          </reporter-output>
        </test-method> <!-- setup -->
        <test-method signature="verify_Employee_Subscription_Form_Heading_Test()[pri:0, instance:test.Verify_Employee_Subscription_Form_Heading@a37aefe]" started-at="2021-12-05T04:22:33Z" name="verify_Employee_Subscription_Form_Heading_Test" finished-at="2021-12-05T04:22:33Z" duration-ms="568" status="PASS">
          <reporter-output>
          </reporter-output>
        </test-method> <!-- verify_Employee_Subscription_Form_Heading_Test -->
        <test-method is-config="true" signature="tearDown()[pri:0, instance:test.Verify_Employee_Subscription_Form_Heading@a37aefe]" started-at="2021-12-05T04:22:34Z" name="tearDown" finished-at="2021-12-05T04:22:34Z" duration-ms="57" status="PASS">
          <reporter-output>
          </reporter-output>
        </test-method> <!-- tearDown -->
      </class> <!-- test.Verify_Employee_Subscription_Form_Heading -->
    </test> <!-- Test -->
  </suite> <!-- Suite -->
</testng-results>
