<?xml version="1.0" encoding="UTF-8"?>
<testng-results ignored="0" total="1" passed="1" failed="0" skipped="0">
  <reporter-output>
  </reporter-output>
  <suite started-at="2022-01-23T04:44:36Z" name="Default suite" finished-at="2022-01-23T04:44:39Z" duration-ms="2111">
    <groups>
    </groups>
    <test started-at="2022-01-23T04:44:36Z" name="Default test" finished-at="2022-01-23T04:44:39Z" duration-ms="2111">
      <class name="test.Verify_Employee_Subscription_Form_Heading">
        <test-method is-config="true" signature="setup()[pri:0, instance:test.Verify_Employee_Subscription_Form_Heading@4a00d9cf]" started-at="2022-01-23T04:44:34Z" name="setup" finished-at="2022-01-23T04:44:36Z" duration-ms="2255" status="PASS">
          <reporter-output>
          </reporter-output>
        </test-method> <!-- setup -->
        <test-method signature="verify_Employee_Subscription_Form_Heading_Test()[pri:0, instance:test.Verify_Employee_Subscription_Form_Heading@4a00d9cf]" started-at="2022-01-23T04:44:36Z" name="verify_Employee_Subscription_Form_Heading_Test" finished-at="2022-01-23T04:44:39Z" duration-ms="2099" status="PASS">
          <reporter-output>
          </reporter-output>
        </test-method> <!-- verify_Employee_Subscription_Form_Heading_Test -->
        <test-method is-config="true" signature="tearDown()[pri:0, instance:test.Verify_Employee_Subscription_Form_Heading@4a00d9cf]" started-at="2022-01-23T04:44:39Z" name="tearDown" finished-at="2022-01-23T04:44:39Z" duration-ms="41" status="PASS">
          <reporter-output>
          </reporter-output>
        </test-method> <!-- tearDown -->
      </class> <!-- test.Verify_Employee_Subscription_Form_Heading -->
    </test> <!-- Default test -->
  </suite> <!-- Default suite -->
</testng-results>
